vvvvv START PRIORITY-3 OBJECT EVENT OBJECT:STATE-CHANGED:FOCUSED (queue size: 6) vvvvv
20:22:37.000618 - EVENT SOURCE:
                  app='orca (gtk 3.24.51)' name='' role='toggle button' axid='' id=0x7f2b90eccc40
                  description=''
                  help=''
                  locale='en_US.UTF-8'
                  states='enabled, focusable, focused, sensitive, showing, visible'
                  relations=''
                  actions='click'
                  interfaces='Action, Collection, Component, Image'
                  attributes='toolkit:gtk'
                  text=''
                  path=[-1, 1, 0, 0, 2, 0, 0, 0, 0, 0, 0, 1, 0, 0, 0, 0, 0, 1, -1, 0]
                  
20:22:37.000667 - SCRIPT MANAGER: Active script is: orca (module=orca.scripts.toolkits.gtk.script)
20:22:37.000706 - FOCUS MANAGER: Locus of focus is [list item (0x7f2b906c2580)] 
20:22:37.000769 - EVENT MANAGER: Getting script for event for [application: 'orca' (0x7f2b81d77b00)]  [toggle button (0x7f2b90eccc40)] 
20:22:37.000808 - SCRIPT MANAGER: Getting script for [application: 'orca' (0x7f2b81d77b00)]  [toggle button (0x7f2b90eccc40)] 
20:22:37.000870 - SCRIPT MANAGER: Script is app script orca (module=orca.scripts.toolkits.gtk.script)
20:22:37.000901 - EVENT MANAGER: Script for event is orca (module=orca.scripts.toolkits.gtk.script)
20:22:37.000910 - EVENT MANAGER: Processing object:state-changed:focused: script for event is active
20:22:37.000942 - FOCUS MANAGER: Locus of focus is [list item (0x7f2b906c2580)] 
20:22:37.002364 - AXObject: [filler (0x7f2b9065e900)]  has index -1 ; parent [combo box: 'Speech Dispatcher' (0x7f2b90674740)]  has 1 children
20:22:37.004105 - SCRIPT UTILITIES: [frame: 'Screen Reader Preferences, Voice, Default' (0x7f2b9065e700)]  is top-level object for: [toggle button (0x7f2b90eccc40)] 
20:22:37.004561 - AXObject: [filler (0x7f2b9065e900)]  has index -1 ; parent [combo box: 'Speech Dispatcher' (0x7f2b90674740)]  has 1 children
20:22:37.006218 - SCRIPT UTILITIES: [toggle button (0x7f2b90eccc40)]  is in frame [frame: 'Screen Reader Preferences, Voice, Default' (0x7f2b9065e700)]  and dialog None
20:22:37.006283 - AXObject: Clearing AT-SPI cache on [frame: 'Screen Reader Preferences, Voice, Default' (0x7f2b9065e700)]  Recursive: False.  Reason: Checking if window can be the active window
20:22:37.012818 - AXUtilities: [frame: 'Screen Reader Preferences, Voice, Default' (0x7f2b9065e700)]  from [application: 'orca' (0x7f2b81d77b00)]  can be active window
20:22:37.013004 - FOCUS MANAGER: Request to set locus of focus to [toggle button (0x7f2b90eccc40)]  event_manager._process_object_event:884 > script.on_focused_changed:107 > default.on_focused_changed:1201 > focus_manager.set_locus_of_focus:273
20:22:37.014296 - AXObject: Clearing AT-SPI cache on [toggle button (0x7f2b90eccc40)]  Recursive: False.  Reason: Setting locus of focus.
20:22:37.014355 - SCRIPT MANAGER: Active script is: orca (module=orca.scripts.toolkits.gtk.script)
20:22:37.014858 - FOCUS MANAGER: Changing locus of focus from [list item (0x7f2b906c2580)]  to [toggle button (0x7f2b90eccc40)] . Notify: True
20:22:37.015119 - FOCUS MANAGER: Region of interest: [toggle button (0x7f2b90eccc40)]  (0, 0)
20:22:37.015351 - FOCUS MANAGER: Switching object of interest from [list item (0x7f2b906c2580)]  to [toggle button (0x7f2b90eccc40)] 
20:22:37.016810 - AXObject: [filler (0x7f2b9065e900)]  has index -1 ; parent [combo box: 'Speech Dispatcher' (0x7f2b90eccec0)]  has 1 children
20:22:37.016867 - FOCUS MANAGER: Request to set locus of focus to [combo box: 'Speech Dispatcher' (0x7f2b90eccec0)]  default.on_focused_changed:1201 > focus_manager.set_locus_of_focus:326 > script.locus_of_focus_changed:57 > focus_manager.set_locus_of_focus:273
20:22:37.017990 - AXObject: Clearing AT-SPI cache on [combo box: 'Speech Dispatcher' (0x7f2b90eccec0)]  Recursive: False.  Reason: Setting locus of focus.
20:22:37.018035 - SCRIPT MANAGER: Active script is: orca (module=orca.scripts.toolkits.gtk.script)
20:22:37.018500 - FOCUS MANAGER: Changing locus of focus from [toggle button (0x7f2b90eccc40)]  to [combo box: 'Speech Dispatcher' (0x7f2b90eccec0)] . Notify: False
20:22:37.021003 - FOCUS MANAGER: Setting last cell coordinates to row=-1, column=-1
20:22:37.021180 - FOCUS MANAGER: Setting last cursor position to [combo box: 'Speech Dispatcher' (0x7f2b90eccec0)]  -1
20:22:37.021488 - FOCUS MANAGER: Active window is [frame: 'Screen Reader Preferences, Voice, Default' (0x7f2b9065e700)]  focus_manager.set_locus_of_focus:328 > focus_manager._save_object_details:261 > ax_utilities_event.save_object_info_for_events:179 > focus_manager.get_active_window:343
20:22:37.025851 - DOCUMENT PRESENTER: Updating mode for focus change. Old focus: [list item (0x7f2b906c2580)]  old doc: None New focus: [combo box: 'Speech Dispatcher' (0x7f2b90eccec0)]  new doc: None
20:22:37.025920 - SCRIPT MANAGER: Active script is: orca (module=orca.scripts.toolkits.gtk.script)
20:22:37.025932 - CARET NAVIGATOR: Commands suspended: False: locus of focus no longer in document
20:22:37.026060 - SCRIPT MANAGER: Active script is: orca (module=orca.scripts.toolkits.gtk.script)
20:22:37.026071 - STRUCTURAL NAVIGATOR: Suspended: False: locus of focus no longer in document
20:22:37.026188 - STRUCTURAL NAVIGATOR: Setting mode for orca (module=orca.scripts.toolkits.gtk.script) to NavigationMode.OFF
20:22:37.026222 - SCRIPT MANAGER: Active script is: orca (module=orca.scripts.toolkits.gtk.script)
20:22:37.026303 - CARET NAVIGATOR: Setting enabled state for orca (module=orca.scripts.toolkits.gtk.script) to False
20:22:37.026337 - SCRIPT MANAGER: Active script is: orca (module=orca.scripts.toolkits.gtk.script)
20:22:37.026348 - CARET NAVIGATOR: Enabled already False. Refreshing command group.
20:22:37.028066 - SCRIPT UTILITIES: [frame: 'Screen Reader Preferences, Voice, Default' (0x7f2b9065e700)]  is top-level object for: [combo box: 'Speech Dispatcher' (0x7f2b90eccec0)] 
20:22:37.028110 - FOCUS MANAGER: Request to set active window to [frame: 'Screen Reader Preferences, Voice, Default' (0x7f2b9065e700)] 
20:22:37.028121 - FOCUS MANAGER: Setting active window to existing active window
20:22:37.029612 - SCRIPT MANAGER: Getting script for [application: 'orca' (0x7f2b81d77b00)]  [combo box: 'Speech Dispatcher' (0x7f2b90eccec0)] 
20:22:37.029801 - SCRIPT MANAGER: Script is app script orca (module=orca.scripts.toolkits.gtk.script)
20:22:37.029861 - FOCUS MANAGER: Locus of focus is [combo box: 'Speech Dispatcher' (0x7f2b90eccec0)] 
20:22:37.030043 - GENERATOR: _get_functional_role: combo-box
20:22:37.030220 - BRAILLE GENERATOR: BrailleGenerator._generate_combo_box for [combo box: 'Speech Dispatcher' (0x7f2b90eccec0)]  args: {'formatType': 'focused', 'role': 'combo-box'}
20:22:37.030561 - AXUtilities: [filler (0x7f2b906d24c0)]  believed to be layout only: True, has layout-only role
20:22:37.030802 - AXUtilities: [filler (0x7f2b809c4b00)]  believed to be layout only: True, has layout-only role
20:22:37.031168 - GENERATOR: _get_functional_role: list-item
20:22:37.031324 - BRAILLE GENERATOR: BrailleGenerator._generate_list_item for [list item (0x7f2b906d2580)]  args: {'formatType': 'ancestor', 'includeContext': 'False', 'role': 'list-item'}
20:22:37.031402 - GENERATOR: _generate_text_substring: []
20:22:37.031449 - GENERATOR: _generate_text_substring: []
20:22:37.031594 - GENERATOR: _generate_text_line: []
20:22:37.031644 - FOCUS MANAGER: Locus of focus is [combo box: 'Speech Dispatcher' (0x7f2b90eccec0)] 
20:22:37.031864 - AXUtilitiesRelation: [list item (0x7f2b906d2580)]  is labelled by: []
20:22:37.031901 - GENERATOR: _generate_accessible_label: []
20:22:37.032011 - GENERATOR: _generate_accessible_name: []
20:22:37.032055 - GENERATOR: _generate_accessible_label_and_name: []
20:22:37.032132 - GENERATOR: _generate_state_expanded: []
20:22:37.033378 - GENERATOR: _get_nesting_level: 0
20:22:37.033420 - GENERATOR: _generate_nesting_level: []
20:22:37.033908 - AXUtilities: Getting on-screen objects in [list item (0x7f2b906d2580)]  (0x7f2b906d2580)
20:22:37.033991 - AXObject: Clearing AT-SPI cache on [list item (0x7f2b906d2580)]  Recursive: False.  Reason: Updating to check if object is on screen.
20:22:37.034374 - AXUtilities: Checking if [list item (0x7f2b906d2580)]  is showing and visible....
20:22:37.034599 - AXUtilities: [list item (0x7f2b906d2580)]  is showing and visible. Checking hidden...
20:22:37.034741 - AXUtilities: [list item (0x7f2b906d2580)]  is not hidden. Checking size and rect...
20:22:37.035003 - AXUtilities: [list item (0x7f2b906d2580)]  has size and a valid rect. Checking if off screen...
20:22:37.035162 - AXComponent: [list item (0x7f2b906d2580)]  is off-screen: False
20:22:37.035233 - AXUtilities: [list item (0x7f2b906d2580)]  is not off screen. Checking None intersection...
20:22:37.035276 - AXUtilities: [list item (0x7f2b906d2580)]  is believed to be on screen.
20:22:37.035802 - AXUtilities: Child 0 is [filler (0x7f2b809c4b00)]  (0x7f2b809c4b00)
20:22:37.035851 - AXUtilities: Getting on-screen objects in [filler (0x7f2b809c4b00)]  (0x7f2b809c4b00)
20:22:37.035904 - AXObject: Clearing AT-SPI cache on [filler (0x7f2b809c4b00)]  Recursive: False.  Reason: Updating to check if object is on screen.
20:22:37.036205 - AXUtilities: Checking if [filler (0x7f2b809c4b00)]  is showing and visible....
20:22:37.036409 - AXUtilities: [filler (0x7f2b809c4b00)]  is showing and visible. Checking hidden...
20:22:37.036538 - AXUtilities: [filler (0x7f2b809c4b00)]  is not hidden. Checking size and rect...
20:22:37.036757 - AXUtilities: [filler (0x7f2b809c4b00)]  has size and a valid rect. Checking if off screen...
20:22:37.036904 - AXComponent: [filler (0x7f2b809c4b00)]  is off-screen: False
20:22:37.036982 - AXUtilities: [filler (0x7f2b809c4b00)]  is not off screen. Checking (x:1188, y:200, width:698, height:68) intersection...
20:22:37.037221 - AXComponent: The intersection of (x:1190, y:202, width:694, height:64) and (x:1188, y:200, width:698, height:68) is: (x:1190, y:202, width:694, height:64)
20:22:37.037276 - AXUtilities: [filler (0x7f2b809c4b00)]  is believed to be on screen.
20:22:37.037689 - AXUtilities: Child 0 is [filler (0x7f2b906d24c0)]  (0x7f2b906d24c0)
20:22:37.037738 - AXUtilities: Getting on-screen objects in [filler (0x7f2b906d24c0)]  (0x7f2b906d24c0)
20:22:37.037791 - AXObject: Clearing AT-SPI cache on [filler (0x7f2b906d24c0)]  Recursive: False.  Reason: Updating to check if object is on screen.
20:22:37.038101 - AXUtilities: Checking if [filler (0x7f2b906d24c0)]  is showing and visible....
20:22:37.038316 - AXUtilities: [filler (0x7f2b906d24c0)]  is showing and visible. Checking hidden...
20:22:37.038449 - AXUtilities: [filler (0x7f2b906d24c0)]  is not hidden. Checking size and rect...
20:22:37.038665 - AXUtilities: [filler (0x7f2b906d24c0)]  has size and a valid rect. Checking if off screen...
20:22:37.038808 - AXComponent: [filler (0x7f2b906d24c0)]  is off-screen: False
20:22:37.039120 - AXUtilities: [filler (0x7f2b906d24c0)]  is not off screen. Checking (x:1188, y:200, width:698, height:68) intersection...
20:22:37.039376 - AXComponent: The intersection of (x:1202, y:214, width:670, height:40) and (x:1188, y:200, width:698, height:68) is: (x:1202, y:214, width:670, height:40)
20:22:37.039433 - AXUtilities: [filler (0x7f2b906d24c0)]  is believed to be on screen.
20:22:37.040155 - AXUtilities: Child 0 is [label: 'Speech system:' (0x7f2b9064ddc0)]  (0x7f2b9064ddc0)
20:22:37.040213 - AXUtilities: Getting on-screen objects in [label: 'Speech system:' (0x7f2b9064ddc0)]  (0x7f2b9064ddc0)
20:22:37.040279 - AXObject: Clearing AT-SPI cache on [label: 'Speech system:' (0x7f2b9064ddc0)]  Recursive: False.  Reason: Updating to check if object is on screen.
20:22:37.040471 - AXUtilities: Checking if [label: 'Speech system:' (0x7f2b9064ddc0)]  is showing and visible....
20:22:37.040616 - AXUtilities: [label: 'Speech system:' (0x7f2b9064ddc0)]  is showing and visible. Checking hidden...
20:22:37.040743 - AXUtilities: [label: 'Speech system:' (0x7f2b9064ddc0)]  is not hidden. Checking size and rect...
20:22:37.040965 - AXUtilities: [label: 'Speech system:' (0x7f2b9064ddc0)]  has size and a valid rect. Checking if off screen...
20:22:37.041118 - AXComponent: [label: 'Speech system:' (0x7f2b9064ddc0)]  is off-screen: False
20:22:37.041197 - AXUtilities: [label: 'Speech system:' (0x7f2b9064ddc0)]  is not off screen. Checking (x:1188, y:200, width:698, height:68) intersection...
20:22:37.041425 - AXComponent: The intersection of (x:1202, y:214, width:137, height:40) and (x:1188, y:200, width:698, height:68) is: (x:1202, y:214, width:137, height:40)
20:22:37.041481 - AXUtilities: [label: 'Speech system:' (0x7f2b9064ddc0)]  is believed to be on screen.
20:22:37.041742 - AXUtilities: Child 1 is [combo box: 'Speech Dispatcher' (0x7f2b90eccec0)]  (0x7f2b90eccec0)
20:22:37.041789 - AXUtilities: Getting on-screen objects in [combo box: 'Speech Dispatcher' (0x7f2b90eccec0)]  (0x7f2b90eccec0)
20:22:37.041842 - AXObject: Clearing AT-SPI cache on [combo box: 'Speech Dispatcher' (0x7f2b90eccec0)]  Recursive: False.  Reason: Updating to check if object is on screen.
20:22:37.042149 - AXUtilities: Checking if [combo box: 'Speech Dispatcher' (0x7f2b90eccec0)]  is showing and visible....
20:22:37.042352 - AXUtilities: [combo box: 'Speech Dispatcher' (0x7f2b90eccec0)]  is showing and visible. Checking hidden...
20:22:37.042492 - AXUtilities: [combo box: 'Speech Dispatcher' (0x7f2b90eccec0)]  is not hidden. Checking size and rect...
20:22:37.042706 - AXUtilities: [combo box: 'Speech Dispatcher' (0x7f2b90eccec0)]  has size and a valid rect. Checking if off screen...
20:22:37.042851 - AXComponent: [combo box: 'Speech Dispatcher' (0x7f2b90eccec0)]  is off-screen: False
20:22:37.042926 - AXUtilities: [combo box: 'Speech Dispatcher' (0x7f2b90eccec0)]  is not off screen. Checking (x:1188, y:200, width:698, height:68) intersection...
20:22:37.043138 - AXComponent: The intersection of (x:1601, y:214, width:271, height:40) and (x:1188, y:200, width:698, height:68) is: (x:1601, y:214, width:271, height:40)
20:22:37.043192 - AXUtilities: [combo box: 'Speech Dispatcher' (0x7f2b90eccec0)]  is believed to be on screen.
20:22:37.043417 - AXUtilities: 2 onscreen objects found in [list item (0x7f2b906d2580)] 
20:22:37.043504 - AXUtilitiesRelation: [list item (0x7f2b906d2580)]  is labelled by: []
20:22:37.043569 - AXUtilitiesRelation: [list item (0x7f2b906d2580)]  is labelled by: []
20:22:37.043829 - AXText: [label: 'Speech system:' (0x7f2b9064ddc0)]  reports 14 characters.
20:22:37.043996 - AXText: Text of [label: 'Speech system:' (0x7f2b9064ddc0)]  'Speech system:'
20:22:37.044245 - AXUtilitiesRelation: [label: 'Speech system:' (0x7f2b9064ddc0)]  is label for: [[combo box: 'Speech Dispatcher' (0x7f2b90eccec0)] ]
20:22:37.044373 - GENERATOR: _get_presentable_descendants: [[combo box: 'Speech Dispatcher' (0x7f2b90eccec0)] ]
20:22:37.044441 - AXUtilitiesRelation: [list item (0x7f2b906d2580)]  is described by: []
20:22:37.044555 - GENERATOR: _get_functional_role: combo-box
20:22:37.044711 - BRAILLE GENERATOR: BrailleGenerator._generate_combo_box for [combo box: 'Speech Dispatcher' (0x7f2b90eccec0)]  args: {'formatType': 'unfocused', 'includeContext': 'False', 'omitDescription': 'True', 'role': 'combo-box'}
20:22:37.044752 - FOCUS MANAGER: Locus of focus is [combo box: 'Speech Dispatcher' (0x7f2b90eccec0)] 
20:22:37.047303 - AXUtilitiesRelation: [combo box: 'Speech Dispatcher' (0x7f2b90eccec0)]  is labelled by: [[label: 'Speech system:' (0x7f2b809c5b40)] ]
20:22:37.047374 - GENERATOR: _generate_accessible_label: [Speech system:]
20:22:37.047431 - GENERATOR: _generate_accessible_name: [Speech Dispatcher]
20:22:37.047582 - GENERATOR: Similarity between 'Speech Dispatcher', 'Speech system:': 0.65 (threshold: 0.7)
20:22:37.047645 - GENERATOR: _generate_accessible_label_and_name: [Speech system:, Speech Dispatcher]
20:22:37.048348 - AXSelection: [combo box: 'Speech Dispatcher' (0x7f2b90eccec0)]  reports 1 selected children
20:22:37.048999 - GENERATOR: _generate_value: [Speech Dispatcher]
20:22:37.049183 - BRAILLE GENERATOR: _generate_accessible_role: [combo box]
20:22:37.049204 - BRAILLE: Not contracting 'Speech system: Speech Dispatcher Speech Dispatcher combo box' because contracted braille is not enabled.
20:22:37.049244 - GENERATOR: _generate_accessible_description: []
20:22:37.049295 - GENERATOR: _generate_state_current: []
20:22:37.049344 - BRAILLE GENERATOR: Results: [COMPONENT: 'Speech system: Speech Dispatcher Speech Dispatcher combo box', cursor offset:15]
20:22:37.049421 - GENERATOR: _generate_descendants: [COMPONENT: 'Speech system: Speech Dispatcher Speech Dispatcher combo box', cursor offset:15, REGION: ' ', cursor offset:0]
20:22:37.049489 - BRAILLE GENERATOR: Results: [COMPONENT: '', cursor offset:0, COMPONENT: 'Speech system: Speech Dispatcher Speech Dispatcher combo box', cursor offset:15, REGION: ' ', cursor offset:0]
20:22:37.049984 - GENERATOR: _get_functional_role: list-box
20:22:37.050127 - BRAILLE GENERATOR: BrailleGenerator._generate_list_box for [list box (0x7f2b809b2ac0)]  args: {'formatType': 'ancestor', 'includeContext': 'False', 'role': 'list-box'}
20:22:37.050168 - FOCUS MANAGER: Locus of focus is [combo box: 'Speech Dispatcher' (0x7f2b90eccec0)] 
20:22:37.050261 - AXUtilitiesRelation: [list box (0x7f2b809b2ac0)]  is labelled by: []
20:22:37.050295 - GENERATOR: _generate_accessible_label: []
20:22:37.050354 - GENERATOR: _generate_accessible_name: []
20:22:37.050403 - GENERATOR: _generate_accessible_label_and_name: []
20:22:37.050596 - AXSelection: [list box (0x7f2b809b2ac0)]  reports 0 selected children
20:22:37.050645 - GENERATOR: _generate_focused_item: []
20:22:37.050770 - BRAILLE GENERATOR: _generate_accessible_role: [list box]
20:22:37.050782 - BRAILLE: Not contracting 'list box' because contracted braille is not enabled.
20:22:37.050851 - AXUtilitiesRelation: [list box (0x7f2b809b2ac0)]  is described by: []
20:22:37.050884 - GENERATOR: _generate_accessible_description: []
20:22:37.050930 - GENERATOR: _generate_state_current: []
20:22:37.050976 - BRAILLE GENERATOR: Results: [COMPONENT: 'list box', cursor offset:0]
20:22:37.051267 - AXUtilitiesRelation: [panel (0x7f2b906d27c0)]  is labelled by: []
20:22:37.051332 - AXUtilitiesRelation: [panel (0x7f2b906d27c0)]  is described by: []
20:22:37.051382 - AXUtilities: [panel (0x7f2b906d27c0)]  believed to be layout only: True, lacks name, description, and relations
20:22:37.051695 - AXUtilitiesRelation: [panel: 'Global Voice Settings' (0x7f2b9064efc0)]  is labelled by: []
20:22:37.051765 - AXUtilitiesRelation: [panel: 'Global Voice Settings' (0x7f2b9064efc0)]  is described by: []
20:22:37.052507 - GENERATOR: _get_functional_role: panel
20:22:37.052656 - BRAILLE GENERATOR: BrailleGenerator._generate_panel for [panel: 'Global Voice Settings' (0x7f2b9064efc0)]  args: {'formatType': 'ancestor', 'includeContext': 'False', 'role': 'panel'}
20:22:37.052713 - GENERATOR: _generate_text_substring: []
20:22:37.052751 - FOCUS MANAGER: Locus of focus is [combo box: 'Speech Dispatcher' (0x7f2b90eccec0)] 
20:22:37.052958 - AXUtilitiesRelation: [panel: 'Global Voice Settings' (0x7f2b9064efc0)]  is labelled by: []
20:22:37.052997 - GENERATOR: _generate_accessible_label: []
20:22:37.053048 - GENERATOR: _generate_accessible_name: [Global Voice Settings]
20:22:37.053098 - GENERATOR: _generate_accessible_label_and_name: [Global Voice Settings]
20:22:37.053214 - BRAILLE GENERATOR: _generate_accessible_role: [panel]
20:22:37.053226 - BRAILLE: Not contracting 'Global Voice Settings panel' because contracted braille is not enabled.
20:22:37.053293 - AXUtilitiesRelation: [panel: 'Global Voice Settings' (0x7f2b9064efc0)]  is described by: []
20:22:37.053326 - GENERATOR: _generate_accessible_description: []
20:22:37.053379 - GENERATOR: _generate_state_current: []
20:22:37.053425 - BRAILLE GENERATOR: Results: [COMPONENT: 'Global Voice Settings panel', cursor offset:0]
20:22:37.053724 - AXUtilitiesRelation: [panel (0x7f2b90653a00)]  is labelled by: []
20:22:37.053788 - AXUtilitiesRelation: [panel (0x7f2b90653a00)]  is described by: []
20:22:37.053831 - AXUtilities: [panel (0x7f2b90653a00)]  believed to be layout only: True, lacks name, description, and relations
20:22:37.053907 - AXUtilities: [panel (0x7f2b90691b80)]  believed to be layout only: True, lacks name, description, and relations
20:22:37.053977 - AXUtilities: [panel (0x7f2b90657240)]  believed to be layout only: True, lacks name, description, and relations
20:22:37.054046 - AXUtilities: [panel (0x7f2b90690100)]  believed to be layout only: True, lacks name, description, and relations
20:22:37.054178 - GENERATOR: _get_functional_role: viewport
20:22:37.054238 - BRAILLE GENERATOR: [viewport (0x7f2b906a0200)]  lacks dedicated generator
20:22:37.054382 - BRAILLE GENERATOR: BrailleGenerator._generate_default_presentation for [viewport (0x7f2b906a0200)]  args: {'formatType': 'ancestor', 'includeContext': 'False', 'role': 'viewport'}
20:22:37.054628 - FOCUS MANAGER: Locus of focus is [combo box: 'Speech Dispatcher' (0x7f2b90eccec0)] 
20:22:37.054798 - AXUtilitiesRelation: [viewport (0x7f2b906a0200)]  is labelled by: []
20:22:37.054838 - GENERATOR: _generate_accessible_label: []
20:22:37.054924 - GENERATOR: _generate_accessible_name: []
20:22:37.054965 - GENERATOR: _generate_accessible_label_and_name: []
20:22:37.055113 - BRAILLE GENERATOR: _generate_accessible_role: [viewport]
20:22:37.055128 - BRAILLE: Not contracting 'viewport' because contracted braille is not enabled.
20:22:37.055179 - BRAILLE GENERATOR: Results: [COMPONENT: 'viewport', cursor offset:0]
20:22:37.055288 - AXUtilities: [scroll pane (0x7f2b906a0140)]  believed to be layout only: True, has layout-only role
20:22:37.055363 - AXUtilities: [filler (0x7f2b90637940)]  believed to be layout only: True, has layout-only role
20:22:37.055460 - AXUtilities: [filler (0x7f2b90677f00)]  believed to be layout only: True, has layout-only role
20:22:37.055532 - AXUtilities: [filler (0x7f2b90629bc0)]  believed to be layout only: True, has layout-only role
20:22:37.055972 - GENERATOR: _get_functional_role: frame
20:22:37.056158 - BRAILLE GENERATOR: BrailleGenerator._generate_frame for [frame: 'Screen Reader Preferences, Voice, Default' (0x7f2b9065e700)]  args: {'formatType': 'ancestor', 'includeContext': 'False', 'role': 'frame'}
20:22:37.056210 - FOCUS MANAGER: Locus of focus is [combo box: 'Speech Dispatcher' (0x7f2b90eccec0)] 
20:22:37.056292 - AXUtilitiesRelation: [frame: 'Screen Reader Preferences, Voice, Default' (0x7f2b9065e700)]  is labelled by: []
20:22:37.056324 - GENERATOR: _generate_accessible_label: []
20:22:37.056384 - GENERATOR: _generate_accessible_name: [Screen Reader Preferences, Voice, Default]
20:22:37.056433 - GENERATOR: _generate_accessible_label_and_name: [Screen Reader Preferences, Voice, Default]
20:22:37.056668 - BRAILLE GENERATOR: _generate_accessible_role: [frame]
20:22:37.056903 - AXUtilities: Unfocused alerts and dialogs for [frame: 'Screen Reader Preferences, Voice, Default' (0x7f2b9065e700)] : []
20:22:37.056939 - BRAILLE GENERATOR: _generate_alert_and_dialog_count: []
20:22:37.056952 - BRAILLE: Not contracting 'Screen Reader Preferences, Voice, Default frame' because contracted braille is not enabled.
20:22:37.057023 - AXUtilitiesRelation: [frame: 'Screen Reader Preferences, Voice, Default' (0x7f2b9065e700)]  is described by: []
20:22:37.057056 - GENERATOR: _generate_accessible_description: []
20:22:37.057106 - GENERATOR: _generate_state_current: []
20:22:37.057151 - BRAILLE GENERATOR: Results: [COMPONENT: 'Screen Reader Preferences, Voice, Default frame', cursor offset:0]
20:22:37.057862 - GENERATOR: _get_functional_role: application
20:22:37.057917 - BRAILLE GENERATOR: [application: 'orca' (0x7f2b81d77b00)]  lacks dedicated generator
20:22:37.058085 - BRAILLE GENERATOR: BrailleGenerator._generate_default_presentation for [application: 'orca' (0x7f2b81d77b00)]  args: {'formatType': 'ancestor', 'includeContext': 'False', 'role': 'application'}
20:22:37.058126 - FOCUS MANAGER: Locus of focus is [combo box: 'Speech Dispatcher' (0x7f2b90eccec0)] 
20:22:37.058224 - AXUtilitiesRelation: [application: 'orca' (0x7f2b81d77b00)]  is labelled by: []
20:22:37.058260 - GENERATOR: _generate_accessible_label: []
20:22:37.058310 - GENERATOR: _generate_accessible_name: [orca]
20:22:37.058358 - GENERATOR: _generate_accessible_label_and_name: [orca]
20:22:37.058950 - BRAILLE GENERATOR: _generate_accessible_role: [application]
20:22:37.058978 - BRAILLE: Not contracting 'orca application' because contracted braille is not enabled.
20:22:37.059025 - BRAILLE GENERATOR: Results: [COMPONENT: 'orca application', cursor offset:0]
20:22:37.059235 - BRAILLE GENERATOR: _generate_ancestors: [COMPONENT: 'orca application', cursor offset:0, REGION: ' ', cursor offset:0, COMPONENT: 'Screen Reader Preferences, Voice, Default frame', cursor offset:0, REGION: ' ', cursor offset:0, COMPONENT: 'viewport', cursor offset:0, REGION: ' ', cursor offset:0, COMPONENT: 'Global Voice Settings panel', cursor offset:0, REGION: ' ', cursor offset:0, COMPONENT: 'list box', cursor offset:0, REGION: ' ', cursor offset:0, REGION: ' ', cursor offset:0, COMPONENT: 'Speech system: Speech Dispatcher Speech Dispatcher combo box', cursor offset:15, COMPONENT: '', cursor offset:0]
20:22:37.059277 - FOCUS MANAGER: Locus of focus is [combo box: 'Speech Dispatcher' (0x7f2b90eccec0)] 
20:22:37.060923 - AXUtilitiesRelation: [combo box: 'Speech Dispatcher' (0x7f2b90eccec0)]  is labelled by: [[label: 'Speech system:' (0x7f2b809c5b40)] ]
20:22:37.060982 - GENERATOR: _generate_accessible_label: [Speech system:]
20:22:37.061035 - GENERATOR: _generate_accessible_name: [Speech Dispatcher]
20:22:37.061133 - GENERATOR: Similarity between 'Speech Dispatcher', 'Speech system:': 0.65 (threshold: 0.7)
20:22:37.061194 - GENERATOR: _generate_accessible_label_and_name: [Speech system:, Speech Dispatcher]
20:22:37.061925 - AXSelection: [combo box: 'Speech Dispatcher' (0x7f2b90eccec0)]  reports 1 selected children
20:22:37.062217 - GENERATOR: _generate_value: [Speech Dispatcher]
20:22:37.062357 - BRAILLE GENERATOR: _generate_accessible_role: [combo box]
20:22:37.062380 - BRAILLE: Not contracting 'Speech system: Speech Dispatcher Speech Dispatcher combo box' because contracted braille is not enabled.
20:22:37.062469 - AXUtilitiesRelation: [combo box: 'Speech Dispatcher' (0x7f2b90eccec0)]  is described by: []
20:22:37.062503 - GENERATOR: _generate_accessible_description: []
20:22:37.062550 - GENERATOR: _generate_state_current: []
20:22:37.062761 - BRAILLE GENERATOR: Results: [COMPONENT: 'orca application', cursor offset:0, REGION: ' ', cursor offset:0, COMPONENT: 'Screen Reader Preferences, Voice, Default frame', cursor offset:0, REGION: ' ', cursor offset:0, COMPONENT: 'viewport', cursor offset:0, REGION: ' ', cursor offset:0, COMPONENT: 'Global Voice Settings panel', cursor offset:0, REGION: ' ', cursor offset:0, COMPONENT: 'list box', cursor offset:0, REGION: ' ', cursor offset:0, REGION: ' ', cursor offset:0, COMPONENT: 'Speech system: Speech Dispatcher Speech Dispatcher combo box', cursor offset:15, COMPONENT: '', cursor offset:0, REGION: ' ', cursor offset:0, COMPONENT: 'Speech system: Speech Dispatcher Speech Dispatcher combo box', cursor offset:15]
20:22:37.062964 - BRAILLE: Refresh. Pan: True target: 0
20:22:37.062996 - BRAILLE: Kill flash message default.locus_of_focus_changed:425 > default.update_braille:498 > braille.refresh:1131 > braille.killFlash:1380
20:22:37.064376 - BRAILLE: Last text object: None (Caret: 0, Line: 0, Cell: 0)
20:22:37.064457 - BRAILLE: Current text object: None (Caret: 0, Line: 0). On same line: False
20:22:37.064517 - BRAILLE: Line 0: 'orca application Screen Reader Preferences, Voice, Default frame viewport Global Voice Settings panel list box  Speech system: Speech Dispatcher Speech Dispatcher combo box Speech system: Speech Dispatcher Speech Dispatcher combo box' focusOffset: 112 [[0, 31], [31, 59], [59, 87], [87, 112], [112, 134], [134, 163], [163, 195], [195, 224], [224, 233]]
20:22:37.064530 - BRAILLE: Cursor offset in line string is: 127
20:22:37.064575 - BRAILLE: Adjusting offset to 112 (unhandled condition)
20:22:37.064587 - BRAILLE: Current range: (112, 144). Target cell: 0
20:22:37.064597 - BRAILLE LINE:  'orca application Screen Reader Preferences, Voice, Default frame viewport Global Voice Settings panel list box  Speech system: Speech Dispatcher Speech Dispatcher combo box Speech system: Speech Dispatcher Speech Dispatcher combo box'
20:22:37.064602 -      VISIBLE:  'Speech system: Speech Dispatcher', cursor=16
20:22:37.064642 - BRAILLE: Enabling braille. BrlAPI running: False
20:22:37.064648 - BRAILLE: Need to initialize first.
20:22:37.064717 - BRAILLE: Initializing. Callback: InputEventManager.process_braille_event
20:22:37.064780 - BRAILLE: WINDOWPATH= None
20:22:37.064813 - BRAILLE: XDG_VTNR= None
20:22:37.064823 - BRAILLE: Attempting connection with BrlAPI.
20:22:37.065221 - WARNING: Braille initialization failed: couldn't connect to b':0' with key b'keyfile:/etc/brlapi.key+polkit': connect: Connection refused
                  (brlerrno 11, libcerrno 111, gaierrno 0)
                  Is BRLTTY really running?
20:22:37.069062 - GENERATOR: _get_functional_role: combo-box
20:22:37.069229 - SPEECH GENERATOR: SpeechGenerator._generate_combo_box for [combo box: 'Speech Dispatcher' (0x7f2b90eccec0)]  args: {'formatType': 'unfocused', 'priorObj': '[list item (0x7f2b906c2580)] ', 'role': 'combo-box'}
20:22:37.069321 - FOCUS MANAGER: Locus of focus is [combo box: 'Speech Dispatcher' (0x7f2b90eccec0)] 
20:22:37.071031 - AXUtilitiesRelation: [combo box: 'Speech Dispatcher' (0x7f2b90eccec0)]  is labelled by: [[label: 'Speech system:' (0x7f2b809c5b40)] ]
20:22:37.071092 - GENERATOR: _generate_accessible_label: [Speech system:]
20:22:37.071245 - SPEECH GENERATOR: default voice requested for [combo box: 'Speech Dispatcher' (0x7f2b90eccec0)]  language='', dialect='' Unmodified voice={'established': True, 'rate': 56.0, 'family': {'name': 'voxin default voice', 'lang': 'en', 'dialect': 'US', 'variant': None}}
20:22:37.071418 - SPEECH GENERATOR: Reported locale of [combo box: 'Speech Dispatcher' (0x7f2b90eccec0)]  is en_US
20:22:37.071652 - SPEECH GENERATOR: Final voice is {'established': 'True', 'family': "{'dialect': 'US', 'lang': 'en', 'name': 'voxin default voice', 'variant': 'None'}", 'rate': '56.0'}
20:22:37.071824 - SPEECH GENERATOR: _generate_accessible_label: [Speech system:, {'established': 'True', 'family': "{'dialect': 'US', 'lang': 'en', 'name': 'voxin default voice', 'variant': 'None'}", 'rate': '56.0'}]
20:22:37.071898 - GENERATOR: _generate_accessible_name: [Speech Dispatcher]
20:22:37.071972 - SPEECH GENERATOR: default voice requested for [combo box: 'Speech Dispatcher' (0x7f2b90eccec0)]  language='', dialect='' Unmodified voice={'established': True, 'rate': 56.0, 'family': {'name': 'voxin default voice', 'lang': 'en', 'dialect': 'US', 'variant': None}}
20:22:37.072030 - SPEECH GENERATOR: Reported locale of [combo box: 'Speech Dispatcher' (0x7f2b90eccec0)]  is en_US
20:22:37.072180 - SPEECH GENERATOR: Final voice is {'established': 'True', 'family': "{'dialect': 'US', 'lang': 'en', 'name': 'voxin default voice', 'variant': 'None'}", 'rate': '56.0'}
20:22:37.072336 - SPEECH GENERATOR: _generate_accessible_name: [Speech Dispatcher, {'established': 'True', 'family': "{'dialect': 'US', 'lang': 'en', 'name': 'voxin default voice', 'variant': 'None'}", 'rate': '56.0'}]
20:22:37.072433 - GENERATOR: Similarity between 'Speech Dispatcher', 'Speech system:': 0.65 (threshold: 0.7)
20:22:37.072726 - GENERATOR: _generate_accessible_label_and_name: [Speech system:, {'established': 'True', 'family': "{'dialect': 'US', 'lang': 'en', 'name': 'voxin default voice', 'variant': 'None'}", 'rate': '56.0'}, Speech Dispatcher, {'established': 'True', 'family': "{'dialect': 'US', 'lang': 'en', 'name': 'voxin default voice', 'variant': 'None'}", 'rate': '56.0'}]
20:22:37.072816 - SPEECH AND VERBOSITY MANAGER: Adjusting 'Speech system:' from [combo box: 'Speech Dispatcher' (0x7f2b90eccec0)]  start_offset: None
20:22:37.074508 - AXObject: find_descendant: found None in 0.0016s
20:22:37.076412 - SPEECH AND VERBOSITY MANAGER: Adjusted text: 'Speech system:'
20:22:37.076733 - SPEECH GENERATOR: _generate_accessible_label_and_name: [Speech system:, {'established': 'True', 'family': "{'dialect': 'US', 'lang': 'en', 'name': 'voxin default voice', 'variant': 'None'}", 'rate': '56.0'}, Speech Dispatcher, {'established': 'True', 'family': "{'dialect': 'US', 'lang': 'en', 'name': 'voxin default voice', 'variant': 'None'}", 'rate': '56.0'}]
20:22:37.077025 - FOCUS MANAGER: Active mode: focus-tracking Object of interest: [toggle button (0x7f2b90eccc40)] 
20:22:37.078643 - AXObject: find_descendant: found None in 0.0013s
20:22:37.080397 - SPEECH GENERATOR: system voice requested for [combo box: 'Speech Dispatcher' (0x7f2b90eccec0)]  language='', dialect='' Unmodified voice={'established': True, 'rate': 56.0, 'family': {'name': 'voxin default voice', 'lang': 'en', 'dialect': 'US', 'variant': None}}
20:22:37.080468 - SPEECH GENERATOR: Reported locale of [combo box: 'Speech Dispatcher' (0x7f2b90eccec0)]  is en_US
20:22:37.080624 - SPEECH GENERATOR: Final voice is {'established': 'True', 'family': "{'dialect': 'US', 'lang': 'en', 'name': 'voxin default voice', 'variant': 'None'}", 'rate': '56.0'}
20:22:37.080788 - SPEECH GENERATOR: _generate_accessible_role: [combo box, {'established': 'True', 'family': "{'dialect': 'US', 'lang': 'en', 'name': 'voxin default voice', 'variant': 'None'}", 'rate': '56.0'}]
20:22:37.081528 - AXSelection: [combo box: 'Speech Dispatcher' (0x7f2b90eccec0)]  reports 1 selected children
20:22:37.081808 - GENERATOR: _generate_value: [Speech Dispatcher]
20:22:37.081897 - SPEECH GENERATOR: default voice requested for [combo box: 'Speech Dispatcher' (0x7f2b90eccec0)]  language='', dialect='' Unmodified voice={'established': True, 'rate': 56.0, 'family': {'name': 'voxin default voice', 'lang': 'en', 'dialect': 'US', 'variant': None}}
20:22:37.081969 - SPEECH GENERATOR: Reported locale of [combo box: 'Speech Dispatcher' (0x7f2b90eccec0)]  is en_US
20:22:37.082134 - SPEECH GENERATOR: Final voice is {'established': 'True', 'family': "{'dialect': 'US', 'lang': 'en', 'name': 'voxin default voice', 'variant': 'None'}", 'rate': '56.0'}
20:22:37.082299 - SPEECH GENERATOR: _generate_value: [Speech Dispatcher, {'established': 'True', 'family': "{'dialect': 'US', 'lang': 'en', 'name': 'voxin default voice', 'variant': 'None'}", 'rate': '56.0'}]
20:22:37.082477 - SPEECH GENERATOR: _generate_position_in_list: []
20:22:37.082575 - GENERATOR: _generate_state_required: []
20:22:37.082609 - SPEECH GENERATOR: _generate_state_required: []
20:22:37.082674 - GENERATOR: _generate_state_invalid: []
20:22:37.082707 - SPEECH GENERATOR: _generate_state_invalid: []
20:22:37.083507 - GENERATOR: _generate_keyboard_mnemonic: [Alt+S]
20:22:37.083615 - SPEECH GENERATOR: system voice requested for [combo box: 'Speech Dispatcher' (0x7f2b90eccec0)]  language='', dialect='' Unmodified voice={'established': True, 'rate': 56.0, 'family': {'name': 'voxin default voice', 'lang': 'en', 'dialect': 'US', 'variant': None}}
20:22:37.083677 - SPEECH GENERATOR: Reported locale of [combo box: 'Speech Dispatcher' (0x7f2b90eccec0)]  is en_US
20:22:37.083824 - SPEECH GENERATOR: Final voice is {'established': 'True', 'family': "{'dialect': 'US', 'lang': 'en', 'name': 'voxin default voice', 'variant': 'None'}", 'rate': '56.0'}
20:22:37.083997 - SPEECH GENERATOR: _generate_keyboard_mnemonic: [Alt+S, {'established': 'True', 'family': "{'dialect': 'US', 'lang': 'en', 'name': 'voxin default voice', 'variant': 'None'}", 'rate': '56.0'}]
20:22:37.084090 - GENERATOR: _generate_state_current: []
20:22:37.084124 - SPEECH GENERATOR: _generate_state_current: []
20:22:37.084157 - SPEECH GENERATOR: _generate_has_click_action: []
20:22:37.084193 - SPEECH GENERATOR: _generate_has_details: []
20:22:37.084225 - SPEECH GENERATOR: _generate_details_for: []
20:22:37.084278 - GENERATOR: _generate_accessible_description: []
20:22:37.084309 - SPEECH GENERATOR: _generate_accessible_description: []
20:22:37.084390 - SPEECH GENERATOR: _generate_state_has_popup: []
20:22:37.086380 - SPEECH GENERATOR: _generate_tutorial: []
20:22:37.086464 - FOCUS MANAGER: Locus of focus is [combo box: 'Speech Dispatcher' (0x7f2b90eccec0)] 
20:22:37.089778 - SCRIPT UTILITIES: [frame: 'Screen Reader Preferences, Voice, Default' (0x7f2b9065e700)]  is top-level object for: [combo box: 'Speech Dispatcher' (0x7f2b90eccec0)] 
20:22:37.091455 - SCRIPT UTILITIES: [combo box: 'Speech Dispatcher' (0x7f2b90eccec0)]  is in frame [frame: 'Screen Reader Preferences, Voice, Default' (0x7f2b9065e700)]  and dialog None
20:22:37.091599 - AXObject: Looking for common ancestor of [combo box: 'Speech Dispatcher' (0x7f2b90eccec0)]  and [list item (0x7f2b906c2580)] 
20:22:37.093769 - AXObject: Common ancestor of [combo box: 'Speech Dispatcher' (0x7f2b90eccec0)]  and [list item (0x7f2b906c2580)]  is [panel (0x7f2b90691b80)] 
20:22:37.094274 - GENERATOR: _get_functional_role: list-box
20:22:37.094505 - GENERATOR: _get_functional_role: panel
20:22:37.094561 - AXUtilities: [panel (0x7f2b90691b80)]  believed to be layout only: True, lacks name, description, and relations
20:22:37.094602 - SPEECH GENERATOR: _generate_old_ancestors: []
20:22:37.094656 - FOCUS MANAGER: Locus of focus is [combo box: 'Speech Dispatcher' (0x7f2b90eccec0)] 
20:22:37.094779 - AXObject: Looking for common ancestor of [list item (0x7f2b906c2580)]  and [combo box: 'Speech Dispatcher' (0x7f2b90eccec0)] 
20:22:37.096965 - AXObject: Common ancestor of [list item (0x7f2b906c2580)]  and [combo box: 'Speech Dispatcher' (0x7f2b90eccec0)]  is [panel (0x7f2b90691b80)] 
20:22:37.097171 - GENERATOR: _get_functional_role: panel
20:22:37.097471 - GENERATOR: _get_functional_role: filler
20:22:37.097526 - AXUtilities: [filler (0x7f2b906d24c0)]  believed to be layout only: True, has layout-only role
20:22:37.097809 - GENERATOR: _get_functional_role: filler
20:22:37.097862 - AXUtilities: [filler (0x7f2b809c5e00)]  believed to be layout only: True, has layout-only role
20:22:37.098140 - GENERATOR: _get_functional_role: list-item
20:22:37.098615 - GENERATOR: _get_functional_role: list-box
20:22:37.098794 - GENERATOR: _get_functional_role: panel
20:22:37.098845 - AXUtilities: [panel (0x7f2b906d27c0)]  believed to be layout only: True, lacks name, description, and relations
20:22:37.098995 - GENERATOR: _get_functional_role: panel
20:22:37.099160 - GENERATOR: _get_functional_role: panel
20:22:37.099212 - AXUtilities: [panel (0x7f2b90653a00)]  believed to be layout only: True, lacks name, description, and relations
20:22:37.099348 - GENERATOR: _get_functional_role: panel
20:22:37.099406 - AXUtilities: [panel (0x7f2b90691b80)]  believed to be layout only: True, lacks name, description, and relations
20:22:37.099657 - SPEECH GENERATOR: SpeechGenerator._generate_list_item for [list item (0x7f2b906d2580)]  args: {'ancestorOf': "[combo box: 'Speech Dispatcher' (0x7f2b90eccec0)] ",
                   'count': '1',
                   'formatType': 'ancestor',
                   'leaving': 'None',
                   'priorObj': '[list item (0x7f2b906c2580)] ',
                   'role': 'list-item'}
20:22:37.099726 - SPEECH GENERATOR: _generate_details_for: []
20:22:37.099832 - GENERATOR: _generate_state_checked_if_checkable: []
20:22:37.099868 - SPEECH GENERATOR: _generate_state_checked_if_checkable: []
20:22:37.099965 - GENERATOR: _generate_state_expanded: []
20:22:37.100000 - SPEECH GENERATOR: _generate_state_expanded: []
20:22:37.100055 - SPEECH GENERATOR: Results: [PAUSE]
20:22:37.100269 - SPEECH GENERATOR: SpeechGenerator._generate_list_box for [list box (0x7f2b809b2ac0)]  args: {'ancestorOf': "[combo box: 'Speech Dispatcher' (0x7f2b90eccec0)] ",
                   'count': '1',
                   'formatType': 'ancestor',
                   'leaving': 'None',
                   'priorObj': '[list item (0x7f2b906c2580)] ',
                   'role': 'list-box'}
20:22:37.100312 - SPEECH GENERATOR: _generate_details_for: []
20:22:37.100351 - FOCUS MANAGER: Locus of focus is [combo box: 'Speech Dispatcher' (0x7f2b90eccec0)] 
20:22:37.100462 - AXUtilitiesRelation: [list box (0x7f2b809b2ac0)]  is labelled by: []
20:22:37.100497 - GENERATOR: _generate_accessible_label: []
20:22:37.100528 - SPEECH GENERATOR: _generate_accessible_label: []
20:22:37.100596 - GENERATOR: _generate_accessible_name: []
20:22:37.100632 - SPEECH GENERATOR: _generate_accessible_name: []
20:22:37.100671 - GENERATOR: _generate_accessible_label_and_name: []
20:22:37.100702 - SPEECH GENERATOR: _generate_accessible_label_and_name: []
20:22:37.100764 - GENERATOR: _generate_state_multiselectable: []
20:22:37.100797 - SPEECH GENERATOR: _generate_state_multiselectable: []
20:22:37.101987 - AXObject: find_descendant: found [list item (0x7f2b906d2580)]  in 0.0002s
20:22:37.102490 - AXUtilitiesRelation: [list item (0x7f2b906d2580)]  is member of: []
20:22:37.102560 - AXUtilitiesRelation: [list item (0x7f2b906d2580)]  is node parent of: []
20:22:37.105791 - AXUtilities: Members of [list item (0x7f2b906d2580)]  in [list box (0x7f2b809b2ac0)]  based on role [[list item (0x7f2b906d2580)], [list item (0x7f2b9065c580)], [list item (0x7f2b809d45c0)], [list item (0x7f2b809d44c0)], [list item (0x7f2b90664540)], [list item (0x7f2b809b04c0)], [list item (0x7f2b809c5bc0)], [list item (0x7f2b90f1e680)], [list item (0x7f2b906d3a40)] ]
20:22:37.106482 - SPEECH GENERATOR: system voice requested for [list box (0x7f2b809b2ac0)]  language='', dialect='' Unmodified voice={'established': True, 'rate': 56.0, 'family': {'name': 'voxin default voice', 'lang': 'en', 'dialect': 'US', 'variant': None}}
20:22:37.106564 - SPEECH GENERATOR: Reported locale of [list box (0x7f2b809b2ac0)]  is en_US
20:22:37.106723 - SPEECH GENERATOR: Final voice is {'established': 'True', 'family': "{'dialect': 'US', 'lang': 'en', 'name': 'voxin default voice', 'variant': 'None'}", 'rate': '56.0'}
20:22:37.106892 - SPEECH GENERATOR: _generate_number_of_children: [List with 9 items, {'established': 'True', 'family': "{'dialect': 'US', 'lang': 'en', 'name': 'voxin default voice', 'variant': 'None'}", 'rate': '56.0'}]
20:22:37.107078 - SPEECH GENERATOR: Results: [List with 9 items, {'established': 'True', 'family': "{'dialect': 'US', 'lang': 'en', 'name': 'voxin default voice', 'variant': 'None'}", 'rate': '56.0'}]
20:22:37.107289 - SPEECH GENERATOR: SpeechGenerator._generate_panel for [panel: 'Global Voice Settings' (0x7f2b9064efc0)]  args: {'ancestorOf': "[combo box: 'Speech Dispatcher' (0x7f2b90eccec0)] ",
                   'count': '1',
                   'formatType': 'ancestor',
                   'leaving': 'None',
                   'priorObj': '[list item (0x7f2b906c2580)] ',
                   'role': 'panel'}
20:22:37.107352 - SPEECH GENERATOR: _generate_details_for: []
20:22:37.107412 - SPEECH GENERATOR: _generate_leaving: []
20:22:37.107466 - GENERATOR: _generate_text_substring: []
20:22:37.107498 - SPEECH GENERATOR: _generate_text_substring: []
20:22:37.107536 - FOCUS MANAGER: Locus of focus is [combo box: 'Speech Dispatcher' (0x7f2b90eccec0)] 
20:22:37.107642 - AXUtilitiesRelation: [panel: 'Global Voice Settings' (0x7f2b9064efc0)]  is labelled by: []
20:22:37.107676 - GENERATOR: _generate_accessible_label: []
20:22:37.107707 - SPEECH GENERATOR: _generate_accessible_label: []
20:22:37.107764 - GENERATOR: _generate_accessible_name: [Global Voice Settings]
20:22:37.107839 - SPEECH GENERATOR: default voice requested for [panel: 'Global Voice Settings' (0x7f2b9064efc0)]  language='', dialect='' Unmodified voice={'established': True, 'rate': 56.0, 'family': {'name': 'voxin default voice', 'lang': 'en', 'dialect': 'US', 'variant': None}}
20:22:37.108025 - SPEECH GENERATOR: Reported locale of [panel: 'Global Voice Settings' (0x7f2b9064efc0)]  is en_US
20:22:37.108200 - SPEECH GENERATOR: Final voice is {'established': 'True', 'family': "{'dialect': 'US', 'lang': 'en', 'name': 'voxin default voice', 'variant': 'None'}", 'rate': '56.0'}
20:22:37.108378 - SPEECH GENERATOR: _generate_accessible_name: [Global Voice Settings, {'established': 'True', 'family': "{'dialect': 'US', 'lang': 'en', 'name': 'voxin default voice', 'variant': 'None'}", 'rate': '56.0'}]
20:22:37.108550 - GENERATOR: _generate_accessible_label_and_name: [Global Voice Settings, {'established': 'True', 'family': "{'dialect': 'US', 'lang': 'en', 'name': 'voxin default voice', 'variant': 'None'}", 'rate': '56.0'}]
20:22:37.108602 - SPEECH AND VERBOSITY MANAGER: Adjusting 'Global Voice Settings' from [panel: 'Global Voice Settings' (0x7f2b9064efc0)]  start_offset: None
20:22:37.109522 - SPEECH AND VERBOSITY MANAGER: Adjusted text: 'Global Voice Settings'
20:22:37.109709 - SPEECH GENERATOR: _generate_accessible_label_and_name: [Global Voice Settings, {'established': 'True', 'family': "{'dialect': 'US', 'lang': 'en', 'name': 'voxin default voice', 'variant': 'None'}", 'rate': '56.0'}]
20:22:37.109798 - GENERATOR: _generate_accessible_description: []
20:22:37.109833 - SPEECH GENERATOR: _generate_accessible_description: []
20:22:37.110227 - AXObject: find_all_descendants: 1 matches found in 0.0002s
20:22:37.110321 - GENERATOR: _generate_accessible_static_text: []
20:22:37.110569 - FOCUS MANAGER: Active mode: focus-tracking Object of interest: [toggle button (0x7f2b90eccc40)] 
20:22:37.111530 - SPEECH GENERATOR: system voice requested for [panel: 'Global Voice Settings' (0x7f2b9064efc0)]  language='', dialect='' Unmodified voice={'established': True, 'rate': 56.0, 'family': {'name': 'voxin default voice', 'lang': 'en', 'dialect': 'US', 'variant': None}}
20:22:37.111600 - SPEECH GENERATOR: Reported locale of [panel: 'Global Voice Settings' (0x7f2b9064efc0)]  is en_US
20:22:37.111753 - SPEECH GENERATOR: Final voice is {'established': 'True', 'family': "{'dialect': 'US', 'lang': 'en', 'name': 'voxin default voice', 'variant': 'None'}", 'rate': '56.0'}
20:22:37.111915 - SPEECH GENERATOR: _generate_accessible_role: [panel, {'established': 'True', 'family': "{'dialect': 'US', 'lang': 'en', 'name': 'voxin default voice', 'variant': 'None'}", 'rate': '56.0'}]
20:22:37.112217 - SPEECH GENERATOR: Results: [Global Voice Settings, {'established': 'True', 'family': "{'dialect': 'US', 'lang': 'en', 'name': 'voxin default voice', 'variant': 'None'}", 'rate': '56.0'}, panel, {'established': 'True', 'family': "{'dialect': 'US', 'lang': 'en', 'name': 'voxin default voice', 'variant': 'None'}", 'rate': '56.0'}]
20:22:37.112679 - SPEECH GENERATOR: _generate_new_ancestors: [[Global Voice Settings, {'established': 'True', 'family': "{'dialect': 'US', 'lang': 'en', 'name': 'voxin default voice', 'variant': 'None'}", 'rate': '56.0'}, panel, {'established': 'True', 'family': "{'dialect': 'US', 'lang': 'en', 'name': 'voxin default voice', 'variant': 'None'}", 'rate': '56.0'}], [List with 9 items, {'established': 'True', 'family': "{'dialect': 'US', 'lang': 'en', 'name': 'voxin default voice', 'variant': 'None'}", 'rate': '56.0'}], [PAUSE]]
20:22:37.113643 - SPEECH GENERATOR: Results: [[Global Voice Settings, {'established': 'True', 'family': "{'dialect': 'US', 'lang': 'en', 'name': 'voxin default voice', 'variant': 'None'}", 'rate': '56.0'}, panel, {'established': 'True', 'family': "{'dialect': 'US', 'lang': 'en', 'name': 'voxin default voice', 'variant': 'None'}", 'rate': '56.0'}], [List with 9 items, {'established': 'True', 'family': "{'dialect': 'US', 'lang': 'en', 'name': 'voxin default voice', 'variant': 'None'}", 'rate': '56.0'}], [PAUSE], Speech system:, {'established': 'True', 'family': "{'dialect': 'US', 'lang': 'en', 'name': 'voxin default voice', 'variant': 'None'}", 'rate': '56.0'}, Speech Dispatcher, {'established': 'True', 'family': "{'dialect': 'US', 'lang': 'en', 'name': 'voxin default voice', 'variant': 'None'}", 'rate': '56.0'}, combo box, {'established': 'True', 'family': "{'dialect': 'US', 'lang': 'en', 'name': 'voxin default voice', 'variant': 'None'}", 'rate': '56.0'}, PAUSE, PAUSE, PAUSE, Alt+S, {'established': 'True', 'family': "{'dialect': 'US', 'lang': 'en', 'name': 'voxin default voice', 'variant': 'None'}", 'rate': '56.0'}]
20:22:37.115395 - AXUtilitiesRelation: [list item (0x7f2b906c2580)]  is controlled by [combo box: 'Speech Dispatcher' (0x7f2b90eccec0)] : False
20:22:37.115486 - AXUtilitiesRelation: [combo box: 'Speech Dispatcher' (0x7f2b90eccec0)]  is controlled by [list item (0x7f2b906c2580)] : False
20:22:37.115519 - DEFAULT: Interrupting presentation
20:22:37.115615 - SPEECH AND VERBOSITY MANAGER: interrupt_speech. Script: None Event: None notify_user: False
20:22:37.116169 - SPEECH AND VERBOSITY MANAGER: Speech server is <orca.speechdispatcherfactory.SpeechServer object at 0x7f2b90fd7890>
20:22:37.116257 - BRAILLE: Kill flash message script.locus_of_focus_changed:63 > default.locus_of_focus_changed:433 > default.interrupt_presentation:1875 > braille.killFlash:1380
20:22:37.118718 - SPEECH: Speak [[Global Voice Settings, {'established': 'True', 'family': "{'dialect': 'US', 'lang': 'en', 'name': 'voxin default voice', 'variant': 'None'}", 'rate': '56.0'}, panel, {'established': 'True', 'family': "{'dialect': 'US', 'lang': 'en', 'name': 'voxin default voice', 'variant': 'None'}", 'rate': '56.0'}], [List with 9 items, {'established': 'True', 'family': "{'dialect': 'US', 'lang': 'en', 'name': 'voxin default voice', 'variant': 'None'}", 'rate': '56.0'}], [PAUSE], Speech system:, {'established': 'True', 'family': "{'dialect': 'US', 'lang': 'en', 'name': 'voxin default voice', 'variant': 'None'}", 'rate': '56.0'}, Speech Dispatcher, {'established': 'True', 'family': "{'dialect': 'US', 'lang': 'en', 'name': 'voxin default voice', 'variant': 'None'}", 'rate': '56.0'}, combo box, {'established': 'True', 'family': "{'dialect': 'US', 'lang': 'en', 'name': 'voxin default voice', 'variant': 'None'}", 'rate': '56.0'}, PAUSE, PAUSE, PAUSE, Alt+S, {'established': 'True', 'family': "{'dialect': 'US', 'lang': 'en', 'name': 'voxin default voice', 'variant': 'None'}", 'rate': '56.0'}], acss: None
20:22:37.119048 - SPEECH: Speak [Global Voice Settings, {'established': 'True', 'family': "{'dialect': 'US', 'lang': 'en', 'name': 'voxin default voice', 'variant': 'None'}", 'rate': '56.0'}, panel, {'established': 'True', 'family': "{'dialect': 'US', 'lang': 'en', 'name': 'voxin default voice', 'variant': 'None'}", 'rate': '56.0'}], acss: None
20:22:37.119133 - SPEECH OUTPUT: 'Global Voice Settings panel' {'established': True, 'rate': 56.0, 'family': {'name': 'voxin default voice', 'gender': None, 'lang': 'en', 'dialect': 'US', 'variant': None}}
20:22:37.119160 - SPEECH DISPATCHER: Speaking 'Global Voice Settings panel' as string
20:22:37.119559 - SPEECH DISPATCHER: Speaking '<speak><mark name="0:6"/>Global <mark name="7:12"/>Voice <mark name="13:21"/>Settings <mark name="22:27"/>panel</speak>' 
                  ORCA rate 56.0, pitch 5.0, volume 10.0, language en, punctuation: SOME
                  SD rate 14, pitch 10, volume 100, language en-us
20:22:37.119955 - SPEECH: Speak [List with 9 items, {'established': 'True', 'family': "{'dialect': 'US', 'lang': 'en', 'name': 'voxin default voice', 'variant': 'None'}", 'rate': '56.0'}], acss: None
20:22:37.119992 - SPEECH OUTPUT: 'List with 9 items' {'established': True, 'rate': 56.0, 'family': {'name': 'voxin default voice', 'gender': None, 'lang': 'en', 'dialect': 'US', 'variant': None}}
20:22:37.120001 - SPEECH DISPATCHER: Speaking 'List with 9 items' as string
20:22:37.120242 - SPEECH DISPATCHER: Speaking '<speak><mark name="0:4"/>List <mark name="5:9"/>with <mark name="10:11"/>9 <mark name="12:17"/>items</speak>' 
                  ORCA rate 56.0, pitch 5.0, volume 10.0, language en, punctuation: SOME
                  SD rate 14, pitch 10, volume 100, language en-us
20:22:37.124524 - SPEECH: Speak [PAUSE], acss: None
20:22:37.124566 - SPEECH OUTPUT: 'Speech system: Speech Dispatcher combo box.' {'established': True, 'rate': 56.0, 'family': {'name': 'voxin default voice', 'gender': None, 'lang': 'en', 'dialect': 'US', 'variant': None}}
20:22:37.124582 - SPEECH DISPATCHER: Speaking 'Speech system: Speech Dispatcher combo box.' as string
20:22:37.124860 - SPEECH DISPATCHER: Speaking '<speak><mark name="0:6"/>Speech <mark name="7:14"/>system: <mark name="15:21"/>Speech <mark name="22:32"/>Dispatcher <mark name="33:38"/>combo <mark name="39:43"/>box.</speak>' 
                  ORCA rate 56.0, pitch 5.0, volume 10.0, language en, punctuation: SOME
                  SD rate 14, pitch 10, volume 100, language en-us
20:22:37.125238 - SPEECH: New voice {'established': 'True', 'family': "{'dialect': 'US', 'lang': 'en', 'name': 'voxin default voice', 'variant': 'None'}", 'rate': '56.0'}  != active voice {'established': 'False'}
20:22:37.125266 - SPEECH OUTPUT: 'Alt+S' {'established': True, 'rate': 56.0, 'family': {'name': 'voxin default voice', 'gender': None, 'lang': 'en', 'dialect': 'US', 'variant': None}}
20:22:37.125274 - SPEECH DISPATCHER: Speaking 'Alt+S' as string
20:22:37.125517 - SPEECH DISPATCHER: Speaking '<speak><mark name="0:5"/>Alt+S</speak>' 
                  ORCA rate 56.0, pitch 5.0, volume 10.0, language en, punctuation: SOME
                  SD rate 14, pitch 10, volume 100, language en-us
20:22:37.127512 - FOCUS MANAGER: Setting last cell coordinates to row=-1, column=-1
20:22:37.127587 - FOCUS MANAGER: Setting last cursor position to [combo box: 'Speech Dispatcher' (0x7f2b90eccec0)]  -1
20:22:37.127697 - FOCUS MANAGER: Active window is [frame: 'Screen Reader Preferences, Voice, Default' (0x7f2b9065e700)]  focus_manager.set_locus_of_focus:328 > focus_manager._save_object_details:261 > ax_utilities_event.save_object_info_for_events:179 > focus_manager.get_active_window:343
TOTAL PROCESSING TIME: 0.1323
^^^^^ FINISHED PRIORITY-3 OBJECT EVENT OBJECT:STATE-CHANGED:FOCUSED ^^^^^

